<?xml version="1.0" encoding="UTF-8"?>
<!-- Generated by org.testng.reporters.JUnitReportReporter -->
<testsuite hostname="Pros-MacBook-Pro.local" failures="0" tests="1" name="introduction.TestNG1" time="0.012" errors="0" timestamp="2024-09-07T12:49:56 PDT" skipped="0">
  <testcase classname="introduction.TestNG1" name="test" time="0.012"/>
  <system-out/>
</testsuite> <!-- introduction.TestNG1 -->
