<?xml version="1.0" encoding="UTF-8"?>
<!-- Generated by org.testng.reporters.JUnitReportReporter -->
<testsuite hostname="Pros-MacBook-Pro.local" failures="0" tests="1" name="introduction.WindowsHandles" time="21.150" errors="0" timestamp="2024-09-07T12:47:50 PDT" skipped="0">
  <testcase classname="introduction.WindowsHandles" name="arrw" time="21.150"/>
  <system-out/>
</testsuite> <!-- introduction.WindowsHandles -->
